2022-04-19 22:30:31.187 -INFO 15780 [           main] com.tsinghua.course.CourseApplication : Starting CourseApplication using Java 1.8.0_321 on DESKTOP-UBSNN99 with PID 15780 (C:\Users\hbtve\Desktop\campus_forum\android_project\Fornum_backend\target\classes started by hbtve in C:\Users\hbtve\Desktop\campus_forum\android_project\Fornum_backend)
2022-04-19 22:30:31.197 -DEBUG 15780 [           main] com.tsinghua.course.CourseApplication : Running with Spring Boot v2.4.2, Spring v5.3.3
2022-04-19 22:30:31.197 -INFO 15780 [           main] com.tsinghua.course.CourseApplication : No active profile set, falling back to default profiles: default
2022-04-19 22:30:33.015 -INFO 15780 [           main] org.springframework.data.repository.config.RepositoryConfigurationDelegate : Multiple Spring Data modules found, entering strict repository configuration mode!
2022-04-19 22:30:33.025 -INFO 15780 [           main] org.springframework.data.repository.config.RepositoryConfigurationDelegate : Bootstrapping Spring Data MongoDB repositories in DEFAULT mode.
2022-04-19 22:30:33.149 -INFO 15780 [           main] org.springframework.data.repository.config.RepositoryConfigurationDelegate : Finished Spring Data repository scanning in 108 ms. Found 0 MongoDB repository interfaces.
2022-04-19 22:30:33.181 -INFO 15780 [           main] org.springframework.data.repository.config.RepositoryConfigurationDelegate : Multiple Spring Data modules found, entering strict repository configuration mode!
2022-04-19 22:30:33.181 -INFO 15780 [           main] org.springframework.data.repository.config.RepositoryConfigurationDelegate : Bootstrapping Spring Data Redis repositories in DEFAULT mode.
2022-04-19 22:30:33.232 -INFO 15780 [           main] org.springframework.data.repository.config.RepositoryConfigurationDelegate : Finished Spring Data repository scanning in 26 ms. Found 0 Redis repository interfaces.
2022-04-19 22:30:34.421 -INFO 15780 [           main] org.springframework.boot.web.embedded.tomcat.TomcatWebServer : Tomcat initialized with port(s): 8080 (http)
2022-04-19 22:30:34.450 -INFO 15780 [           main] org.apache.coyote.http11.Http11NioProtocol : Initializing ProtocolHandler ["http-nio-8080"]
2022-04-19 22:30:34.452 -INFO 15780 [           main] org.apache.catalina.core.StandardService : Starting service [Tomcat]
2022-04-19 22:30:34.453 -INFO 15780 [           main] org.apache.catalina.core.StandardEngine : Starting Servlet engine: [Apache Tomcat/9.0.41]
2022-04-19 22:30:34.942 -INFO 15780 [           main] org.apache.catalina.core.ContainerBase.[Tomcat].[localhost].[/] : Initializing Spring embedded WebApplicationContext
2022-04-19 22:30:34.942 -INFO 15780 [           main] org.springframework.boot.web.servlet.context.ServletWebServerApplicationContext : Root WebApplicationContext: initialization completed in 3610 ms
2022-04-19 22:30:36.000 -INFO 15780 [           main] org.mongodb.driver.cluster : Cluster created with settings {hosts=[localhost:27017], mode=SINGLE, requiredClusterType=UNKNOWN, serverSelectionTimeout='30000 ms'}
2022-04-19 22:30:37.782 -INFO 15780 [           main] org.quartz.impl.StdSchedulerFactory : Using default implementation for ThreadExecutor
2022-04-19 22:30:37.799 -INFO 15780 [           main] org.quartz.core.SchedulerSignalerImpl : Initialized Scheduler Signaller of type: class org.quartz.core.SchedulerSignalerImpl
2022-04-19 22:30:37.799 -INFO 15780 [           main] org.quartz.core.QuartzScheduler : Quartz Scheduler v.2.3.2 created.
2022-04-19 22:30:37.800 -INFO 15780 [           main] org.quartz.simpl.RAMJobStore : RAMJobStore initialized.
2022-04-19 22:30:37.800 -INFO 15780 [           main] org.quartz.core.QuartzScheduler : Scheduler meta-data: Quartz Scheduler (v2.3.2) 'quartzScheduler' with instanceId 'NON_CLUSTERED'
  Scheduler class: 'org.quartz.core.QuartzScheduler' - running locally.
  NOT STARTED.
  Currently in standby mode.
  Number of jobs executed: 0
  Using thread pool 'org.quartz.simpl.SimpleThreadPool' - with 10 threads.
  Using job-store 'org.quartz.simpl.RAMJobStore' - which does not support persistence. and is not clustered.

2022-04-19 22:30:37.801 -INFO 15780 [           main] org.quartz.impl.StdSchedulerFactory : Quartz scheduler 'quartzScheduler' initialized from an externally provided properties instance.
2022-04-19 22:30:37.801 -INFO 15780 [           main] org.quartz.impl.StdSchedulerFactory : Quartz scheduler version: 2.3.2
2022-04-19 22:30:37.801 -INFO 15780 [           main] org.quartz.core.QuartzScheduler : JobFactory set to: org.springframework.scheduling.quartz.SpringBeanJobFactory@338b49d3
2022-04-19 22:30:38.049 -INFO 15780 [           main] org.springframework.scheduling.concurrent.ThreadPoolTaskExecutor : Initializing ExecutorService 'applicationTaskExecutor'
2022-04-19 22:30:38.339 -INFO 15780 [           main] org.apache.coyote.http11.Http11NioProtocol : Starting ProtocolHandler ["http-nio-8080"]
2022-04-19 22:30:38.349 -WARN 15780 [           main] org.springframework.boot.web.servlet.context.AnnotationConfigServletWebServerApplicationContext : Exception encountered during context initialization - cancelling refresh attempt: org.springframework.context.ApplicationContextException: Failed to start bean 'webServerStartStop'; nested exception is org.springframework.boot.web.server.PortInUseException: Port 8080 is already in use
2022-04-19 22:30:38.350 -INFO 15780 [           main] org.springframework.scheduling.concurrent.ThreadPoolTaskExecutor : Shutting down ExecutorService 'applicationTaskExecutor'
2022-04-19 22:30:38.350 -INFO 15780 [           main] org.springframework.scheduling.quartz.SchedulerFactoryBean : Shutting down Quartz Scheduler
2022-04-19 22:30:38.350 -INFO 15780 [           main] org.quartz.core.QuartzScheduler : Scheduler quartzScheduler_$_NON_CLUSTERED shutting down.
2022-04-19 22:30:38.350 -INFO 15780 [           main] org.quartz.core.QuartzScheduler : Scheduler quartzScheduler_$_NON_CLUSTERED paused.
2022-04-19 22:30:38.351 -INFO 15780 [           main] org.quartz.core.QuartzScheduler : Scheduler quartzScheduler_$_NON_CLUSTERED shutdown complete.
2022-04-19 22:30:38.378 -INFO 15780 [           main] org.apache.coyote.http11.Http11NioProtocol : Pausing ProtocolHandler ["http-nio-8080"]
2022-04-19 22:30:38.378 -INFO 15780 [           main] org.apache.catalina.core.StandardService : Stopping service [Tomcat]
2022-04-19 22:30:38.384 -INFO 15780 [           main] org.apache.coyote.http11.Http11NioProtocol : Stopping ProtocolHandler ["http-nio-8080"]
2022-04-19 22:30:38.385 -INFO 15780 [           main] org.apache.coyote.http11.Http11NioProtocol : Destroying ProtocolHandler ["http-nio-8080"]
2022-04-19 22:30:38.396 -INFO 15780 [           main] org.springframework.boot.autoconfigure.logging.ConditionEvaluationReportLoggingListener : 

Error starting ApplicationContext. To display the conditions report re-run your application with 'debug' enabled.
2022-04-19 22:30:38.419 -ERROR 15780 [           main] org.springframework.boot.diagnostics.LoggingFailureAnalysisReporter : 

***************************
APPLICATION FAILED TO START
***************************

Description:

Web server failed to start. Port 8080 was already in use.

Action:

Identify and stop the process that's listening on port 8080 or configure this application to listen on another port.

2022-04-19 23:02:27.353 -INFO 1068 [           main] com.tsinghua.course.CourseApplication : Starting CourseApplication using Java 1.8.0_321 on DESKTOP-UBSNN99 with PID 1068 (C:\Users\hbtve\Desktop\campus_forum\android_project\Fornum_backend\target\classes started by hbtve in C:\Users\hbtve\Desktop\campus_forum\android_project\Fornum_backend)
2022-04-19 23:02:27.362 -DEBUG 1068 [           main] com.tsinghua.course.CourseApplication : Running with Spring Boot v2.4.2, Spring v5.3.3
2022-04-19 23:02:27.363 -INFO 1068 [           main] com.tsinghua.course.CourseApplication : No active profile set, falling back to default profiles: default
2022-04-19 23:02:28.747 -INFO 1068 [           main] org.springframework.data.repository.config.RepositoryConfigurationDelegate : Multiple Spring Data modules found, entering strict repository configuration mode!
2022-04-19 23:02:28.749 -INFO 1068 [           main] org.springframework.data.repository.config.RepositoryConfigurationDelegate : Bootstrapping Spring Data MongoDB repositories in DEFAULT mode.
2022-04-19 23:02:28.795 -INFO 1068 [           main] org.springframework.data.repository.config.RepositoryConfigurationDelegate : Finished Spring Data repository scanning in 37 ms. Found 0 MongoDB repository interfaces.
2022-04-19 23:02:28.816 -INFO 1068 [           main] org.springframework.data.repository.config.RepositoryConfigurationDelegate : Multiple Spring Data modules found, entering strict repository configuration mode!
2022-04-19 23:02:28.817 -INFO 1068 [           main] org.springframework.data.repository.config.RepositoryConfigurationDelegate : Bootstrapping Spring Data Redis repositories in DEFAULT mode.
2022-04-19 23:02:28.871 -INFO 1068 [           main] org.springframework.data.repository.config.RepositoryConfigurationDelegate : Finished Spring Data repository scanning in 33 ms. Found 0 Redis repository interfaces.
2022-04-19 23:02:29.692 -INFO 1068 [           main] org.springframework.boot.web.embedded.tomcat.TomcatWebServer : Tomcat initialized with port(s): 8080 (http)
2022-04-19 23:02:29.703 -INFO 1068 [           main] org.apache.coyote.http11.Http11NioProtocol : Initializing ProtocolHandler ["http-nio-8080"]
2022-04-19 23:02:29.704 -INFO 1068 [           main] org.apache.catalina.core.StandardService : Starting service [Tomcat]
2022-04-19 23:02:29.704 -INFO 1068 [           main] org.apache.catalina.core.StandardEngine : Starting Servlet engine: [Apache Tomcat/9.0.41]
2022-04-19 23:02:29.831 -INFO 1068 [           main] org.apache.catalina.core.ContainerBase.[Tomcat].[localhost].[/] : Initializing Spring embedded WebApplicationContext
2022-04-19 23:02:29.831 -INFO 1068 [           main] org.springframework.boot.web.servlet.context.ServletWebServerApplicationContext : Root WebApplicationContext: initialization completed in 2295 ms
2022-04-19 23:02:30.013 -INFO 1068 [           main] org.mongodb.driver.cluster : Cluster created with settings {hosts=[localhost:27017], mode=SINGLE, requiredClusterType=UNKNOWN, serverSelectionTimeout='30000 ms'}
2022-04-19 23:02:30.829 -INFO 1068 [           main] org.quartz.impl.StdSchedulerFactory : Using default implementation for ThreadExecutor
2022-04-19 23:02:30.841 -INFO 1068 [           main] org.quartz.core.SchedulerSignalerImpl : Initialized Scheduler Signaller of type: class org.quartz.core.SchedulerSignalerImpl
2022-04-19 23:02:30.842 -INFO 1068 [           main] org.quartz.core.QuartzScheduler : Quartz Scheduler v.2.3.2 created.
2022-04-19 23:02:30.843 -INFO 1068 [           main] org.quartz.simpl.RAMJobStore : RAMJobStore initialized.
2022-04-19 23:02:30.843 -INFO 1068 [           main] org.quartz.core.QuartzScheduler : Scheduler meta-data: Quartz Scheduler (v2.3.2) 'quartzScheduler' with instanceId 'NON_CLUSTERED'
  Scheduler class: 'org.quartz.core.QuartzScheduler' - running locally.
  NOT STARTED.
  Currently in standby mode.
  Number of jobs executed: 0
  Using thread pool 'org.quartz.simpl.SimpleThreadPool' - with 10 threads.
  Using job-store 'org.quartz.simpl.RAMJobStore' - which does not support persistence. and is not clustered.

2022-04-19 23:02:30.843 -INFO 1068 [           main] org.quartz.impl.StdSchedulerFactory : Quartz scheduler 'quartzScheduler' initialized from an externally provided properties instance.
2022-04-19 23:02:30.843 -INFO 1068 [           main] org.quartz.impl.StdSchedulerFactory : Quartz scheduler version: 2.3.2
2022-04-19 23:02:30.843 -INFO 1068 [           main] org.quartz.core.QuartzScheduler : JobFactory set to: org.springframework.scheduling.quartz.SpringBeanJobFactory@e76b097
2022-04-19 23:02:31.107 -INFO 1068 [           main] org.springframework.scheduling.concurrent.ThreadPoolTaskExecutor : Initializing ExecutorService 'applicationTaskExecutor'
2022-04-19 23:02:31.423 -INFO 1068 [           main] org.apache.coyote.http11.Http11NioProtocol : Starting ProtocolHandler ["http-nio-8080"]
2022-04-19 23:02:31.447 -INFO 1068 [           main] org.springframework.boot.web.embedded.tomcat.TomcatWebServer : Tomcat started on port(s): 8080 (http) with context path ''
2022-04-19 23:02:31.448 -INFO 1068 [           main] org.springframework.scheduling.quartz.SchedulerFactoryBean : Starting Quartz Scheduler now
2022-04-19 23:02:31.448 -INFO 1068 [           main] org.quartz.core.QuartzScheduler : Scheduler quartzScheduler_$_NON_CLUSTERED started.
2022-04-19 23:02:31.457 -INFO 1068 [           main] com.tsinghua.course.CourseApplication : Started CourseApplication in 4.985 seconds (JVM running for 7.197)
2022-04-19 23:02:32.089 -INFO 1068 [localhost:27017] org.mongodb.driver.cluster : Exception in monitor thread while connecting to server localhost:27017
com.mongodb.MongoSocketOpenException: Exception opening socket
	at com.mongodb.internal.connection.SocketStream.open(SocketStream.java:70)
	at com.mongodb.internal.connection.InternalStreamConnection.open(InternalStreamConnection.java:143)
	at com.mongodb.internal.connection.DefaultServerMonitor$ServerMonitorRunnable.lookupServerDescription(DefaultServerMonitor.java:188)
	at com.mongodb.internal.connection.DefaultServerMonitor$ServerMonitorRunnable.run(DefaultServerMonitor.java:144)
	at java.lang.Thread.run(Thread.java:750)
Caused by: java.net.ConnectException: Connection refused: connect
	at java.net.DualStackPlainSocketImpl.waitForConnect(Native Method)
	at java.net.DualStackPlainSocketImpl.socketConnect(DualStackPlainSocketImpl.java:81)
	at java.net.AbstractPlainSocketImpl.doConnect(AbstractPlainSocketImpl.java:476)
	at java.net.AbstractPlainSocketImpl.connectToAddress(AbstractPlainSocketImpl.java:218)
	at java.net.AbstractPlainSocketImpl.connect(AbstractPlainSocketImpl.java:200)
	at java.net.PlainSocketImpl.connect(PlainSocketImpl.java:162)
	at java.net.SocksSocketImpl.connect(SocksSocketImpl.java:394)
	at java.net.Socket.connect(Socket.java:606)
	at com.mongodb.internal.connection.SocketStreamHelper.initialize(SocketStreamHelper.java:78)
	at com.mongodb.internal.connection.SocketStream.initializeSocket(SocketStream.java:79)
	at com.mongodb.internal.connection.SocketStream.open(SocketStream.java:65)
	... 4 common frames omitted
2022-04-19 23:02:36.595 -INFO 1068 [nio-8080-exec-1] org.apache.catalina.core.ContainerBase.[Tomcat].[localhost].[/] : Initializing Spring DispatcherServlet 'dispatcherServlet'
2022-04-19 23:02:36.595 -INFO 1068 [nio-8080-exec-1] org.springframework.web.servlet.DispatcherServlet : Initializing Servlet 'dispatcherServlet'
2022-04-19 23:02:36.597 -INFO 1068 [nio-8080-exec-1] org.springframework.web.servlet.DispatcherServlet : Completed initialization in 2 ms
2022-04-19 23:03:23.171 -INFO 1068 [extShutdownHook] org.quartz.core.QuartzScheduler : Scheduler quartzScheduler_$_NON_CLUSTERED paused.
2022-04-19 23:03:23.471 -INFO 1068 [extShutdownHook] org.springframework.scheduling.concurrent.ThreadPoolTaskExecutor : Shutting down ExecutorService 'applicationTaskExecutor'
2022-04-19 23:03:23.472 -INFO 1068 [extShutdownHook] org.springframework.scheduling.quartz.SchedulerFactoryBean : Shutting down Quartz Scheduler
2022-04-19 23:03:23.472 -INFO 1068 [extShutdownHook] org.quartz.core.QuartzScheduler : Scheduler quartzScheduler_$_NON_CLUSTERED shutting down.
2022-04-19 23:03:23.472 -INFO 1068 [extShutdownHook] org.quartz.core.QuartzScheduler : Scheduler quartzScheduler_$_NON_CLUSTERED paused.
2022-04-19 23:03:23.473 -INFO 1068 [extShutdownHook] org.quartz.core.QuartzScheduler : Scheduler quartzScheduler_$_NON_CLUSTERED shutdown complete.
